 
****************************************
Report : area
Design : RISCV_BPU_TAG_FIELD_SIZE8_BPU_SET_FIELD_SIZE3_BPU_LINES_PER_SET4
Version: O-2018.06-SP4
Date   : Fri Feb 21 21:49:34 2020
****************************************

Library(s) Used:

    NangateOpenCellLibrary (File: /software/dk/nangate45/synopsys/NangateOpenCellLibrary_typical_ecsm_nowlm.db)

Number of ports:                          164
Number of nets:                         13738
Number of cells:                        12775
Number of combinational cells:           9909
Number of sequential cells:              2864
Number of macros/black boxes:               0
Number of buf/inv:                       1059
Number of references:                      54

Combinational area:              12260.206064
Buf/Inv area:                      642.922000
Noncombinational area:           15232.490488
Macro/Black Box area:                0.000000
Net Interconnect area:      undefined  (Wire load has zero net area)

Total cell area:                 27492.696552
Total area:                 undefined
1
